<?xml version="1.0" encoding="UTF-8"?>
<testsuite xmlns:xsi="http://www.w3.org/2001/XMLSchema-instance" xsi:noNamespaceSchemaLocation="https://maven.apache.org/surefire/maven-surefire-plugin/xsd/surefire-test-report-3.0.xsd" version="3.0" name="com.ibm.iagro.GreetingResourceTest" time="3.047" tests="1" errors="0" skipped="0" failures="1">
  <properties>
[...]
</properties>
  <testcase name="testHelloEndpoint" classname="com.ibm.iagro.GreetingResourceTest" time="1.098">
    <failure type="java.lang.AssertionError"><![CDATA[java.lang.AssertionError: 
1 expectation failed.
Expected status code <200> but was <404>.

	at com.ibm.iagro.GreetingResourceTest.testHelloEndpoint(GreetingResourceTest.java:17)
]]></failure>
    <system-out><![CDATA[2021-06-08 18:23:28,393 INFO  [io.quarkus] (main) Quarkus 1.13.6.Final on JVM started in 1.668s. Listening on: http://localhost:8081
2021-06-08 18:23:28,399 INFO  [io.quarkus] (main) Profile test activated. 
2021-06-08 18:23:28,399 INFO  [io.quarkus] (main) Installed features: [cdi, resteasy, resteasy-jsonb, smallrye-openapi, swagger-ui]
]]></system-out>
  </testcase>
</testsuite>